[debug] [2021-03-23T08:18:05.221Z] ----------------------------------------------------------------------
[debug] [2021-03-23T08:18:05.222Z] Command:       /Users/kylevanheerden/.nvm/versions/node/v14.16.0/bin/node /Users/kylevanheerden/.nvm/versions/node/v14.16.0/bin/firebase functions:shell
[debug] [2021-03-23T08:18:05.222Z] CLI Version:   9.6.1
[debug] [2021-03-23T08:18:05.222Z] Platform:      darwin
[debug] [2021-03-23T08:18:05.222Z] Node Version:  v14.16.0
[debug] [2021-03-23T08:18:05.224Z] Time:          Tue Mar 23 2021 10:18:05 GMT+0200 (South Africa Standard Time)
[debug] [2021-03-23T08:18:05.224Z] ----------------------------------------------------------------------
[debug] [2021-03-23T08:18:05.224Z] 
[debug] [2021-03-23T08:18:05.230Z] > command requires scopes: ["email","openid","https://www.googleapis.com/auth/cloudplatformprojects.readonly","https://www.googleapis.com/auth/firebase","https://www.googleapis.com/auth/cloud-platform"]
[debug] [2021-03-23T08:18:05.230Z] > authorizing via signed-in user
[debug] [2021-03-23T08:18:05.231Z] [iam] checking project purchase-app-staging for permissions ["firebase.projects.get"]
[debug] [2021-03-23T08:18:05.232Z] > refreshing access token with scopes: ["email","https://www.googleapis.com/auth/cloud-platform","https://www.googleapis.com/auth/cloudplatformprojects.readonly","https://www.googleapis.com/auth/firebase","openid"]
[debug] [2021-03-23T08:18:05.232Z] >>> HTTP REQUEST POST https://www.googleapis.com/oauth2/v3/token  
 <request body omitted>
[debug] [2021-03-23T08:18:05.750Z] <<< HTTP RESPONSE 200 {"date":"Tue, 23 Mar 2021 08:18:05 GMT","cache-control":"no-cache, no-store, max-age=0, must-revalidate","pragma":"no-cache","expires":"Mon, 01 Jan 1990 00:00:00 GMT","content-type":"application/json; charset=utf-8","vary":"X-Origin, Referer, Origin,Accept-Encoding","server":"scaffolding on HTTPServer2","x-xss-protection":"0","x-frame-options":"SAMEORIGIN","x-content-type-options":"nosniff","alt-svc":"h3-29=\":443\"; ma=2592000,h3-T051=\":443\"; ma=2592000,h3-Q050=\":443\"; ma=2592000,h3-Q046=\":443\"; ma=2592000,h3-Q043=\":443\"; ma=2592000,quic=\":443\"; ma=2592000; v=\"46,43\"","accept-ranges":"none","transfer-encoding":"chunked"}
[debug] [2021-03-23T08:18:05.770Z] >>> HTTP REQUEST POST https://cloudresourcemanager.googleapis.com/v1/projects/purchase-app-staging:testIamPermissions  
 {"permissions":["firebase.projects.get"]}
[debug] [2021-03-23T08:18:07.869Z] <<< HTTP RESPONSE 200 {"content-type":"application/json; charset=UTF-8","vary":"X-Origin, Referer, Origin,Accept-Encoding","date":"Tue, 23 Mar 2021 08:18:08 GMT","server":"ESF","cache-control":"private","x-xss-protection":"0","x-frame-options":"SAMEORIGIN","x-content-type-options":"nosniff","server-timing":"gfet4t7; dur=1475","alt-svc":"h3-29=\":443\"; ma=2592000,h3-T051=\":443\"; ma=2592000,h3-Q050=\":443\"; ma=2592000,h3-Q046=\":443\"; ma=2592000,h3-Q043=\":443\"; ma=2592000,quic=\":443\"; ma=2592000; v=\"46,43\"","accept-ranges":"none","transfer-encoding":"chunked"}
[debug] [2021-03-23T08:18:07.906Z] [functions] Using node@14 from host.
[debug] [2021-03-23T08:18:07.907Z] defaultcredentials: writing to file /Users/kylevanheerden/.config/firebase/nanodynsystem_gmail_com_application_default_credentials.json
[debug] [2021-03-23T08:18:07.909Z] DEBUG: Setting GAC to /Users/kylevanheerden/.config/firebase/nanodynsystem_gmail_com_application_default_credentials.json
[debug] [2021-03-23T08:18:07.910Z] > refreshing access token with scopes: []
[debug] [2021-03-23T08:18:07.911Z] >>> HTTP REQUEST POST https://www.googleapis.com/oauth2/v3/token  
 <request body omitted>
[debug] [2021-03-23T08:18:08.370Z] <<< HTTP RESPONSE 200 {"date":"Tue, 23 Mar 2021 08:18:08 GMT","cache-control":"no-cache, no-store, max-age=0, must-revalidate","pragma":"no-cache","expires":"Mon, 01 Jan 1990 00:00:00 GMT","content-type":"application/json; charset=utf-8","vary":"X-Origin, Referer, Origin,Accept-Encoding","server":"scaffolding on HTTPServer2","x-xss-protection":"0","x-frame-options":"SAMEORIGIN","x-content-type-options":"nosniff","alt-svc":"h3-29=\":443\"; ma=2592000,h3-T051=\":443\"; ma=2592000,h3-Q050=\":443\"; ma=2592000,h3-Q046=\":443\"; ma=2592000,h3-Q043=\":443\"; ma=2592000,quic=\":443\"; ma=2592000; v=\"46,43\"","accept-ranges":"none","transfer-encoding":"chunked"}
[debug] [2021-03-23T08:18:08.397Z] >>> [apiv2][query] GET https://firebase.googleapis.com/v1beta1/projects/purchase-app-staging/adminSdkConfig [none]
[debug] [2021-03-23T08:18:09.114Z] <<< [apiv2][status] GET https://firebase.googleapis.com/v1beta1/projects/purchase-app-staging/adminSdkConfig 200
[debug] [2021-03-23T08:18:09.114Z] <<< [apiv2][body] GET https://firebase.googleapis.com/v1beta1/projects/purchase-app-staging/adminSdkConfig {"projectId":"purchase-app-staging","storageBucket":"purchase-app-staging.appspot.com","locationId":"europe-west"}
[debug] [2021-03-23T08:18:09.151Z] [functions] Watching "/Users/kylevanheerden/Documents/Firebase/Purchase App/vue_purchase_app/functions" for Cloud Functions...
[debug] [2021-03-23T08:18:09.171Z] DEBUG: [worker-pool] addWorker(~diagnostic~)
[debug] [2021-03-23T08:18:09.172Z] DEBUG: [worker-pool] Adding worker with key ~diagnostic~, total=1
[debug] [2021-03-23T08:18:09.172Z] DEBUG: [worker-pool] submitWork(triggerId=)
[debug] [2021-03-23T08:18:09.172Z] DEBUG: [worker-~diagnostic~-ad08a780-6998-4f47-9949-1852a71b905e]: Assigning socketPath: /var/folders/nx/m1fn5ntj761bbcfymzz_xgfm0000gn/T/fire_emu_30777.sock
[debug] [2021-03-23T08:18:09.172Z] DEBUG: [worker-~diagnostic~-ad08a780-6998-4f47-9949-1852a71b905e]: BUSY
[debug] [2021-03-23T08:18:09.283Z] DEBUG: [runtime-status] [30777] Functions runtime initialized. {"cwd":"/Users/kylevanheerden/Documents/Firebase/Purchase App/vue_purchase_app/functions","node_version":"14.16.0"}
[debug] [2021-03-23T08:18:09.283Z] DEBUG: [runtime-status] [30777] Disabled runtime features: undefined
[debug] [2021-03-23T08:18:09.285Z] DEBUG: [runtime-status] [30777] Resolved module firebase-admin {"declared":true,"installed":true,"version":"9.5.0","resolution":"/Users/kylevanheerden/Documents/Firebase/Purchase App/vue_purchase_app/functions/node_modules/firebase-admin/lib/index.js"}
[debug] [2021-03-23T08:18:09.285Z] DEBUG: [runtime-status] [30777] Resolved module firebase-functions {"declared":true,"installed":true,"version":"3.13.2","resolution":"/Users/kylevanheerden/Documents/Firebase/Purchase App/vue_purchase_app/functions/node_modules/firebase-functions/lib/index.js"}
[debug] [2021-03-23T08:18:09.286Z] DEBUG: [runtime-status] [30777] Resolved module firebase-functions {"declared":true,"installed":true,"version":"3.13.2","resolution":"/Users/kylevanheerden/Documents/Firebase/Purchase App/vue_purchase_app/functions/node_modules/firebase-functions/lib/index.js"}
[debug] [2021-03-23T08:18:09.287Z] DEBUG: [runtime-status] [30777] Outgoing network have been stubbed. [{"name":"http","status":"mocked"},{"name":"http","status":"mocked"},{"name":"https","status":"mocked"},{"name":"https","status":"mocked"},{"name":"net","status":"mocked"}]
[debug] [2021-03-23T08:18:09.288Z] DEBUG: [runtime-status] [30777] Resolved module firebase-functions {"declared":true,"installed":true,"version":"3.13.2","resolution":"/Users/kylevanheerden/Documents/Firebase/Purchase App/vue_purchase_app/functions/node_modules/firebase-functions/lib/index.js"}
[debug] [2021-03-23T08:18:09.447Z] DEBUG: [runtime-status] [30777] Checked functions.config() {"config":{}}
[debug] [2021-03-23T08:18:09.447Z] DEBUG: [runtime-status] [30777] firebase-functions has been stubbed. {"functionsResolution":{"declared":true,"installed":true,"version":"3.13.2","resolution":"/Users/kylevanheerden/Documents/Firebase/Purchase App/vue_purchase_app/functions/node_modules/firebase-functions/lib/index.js"}}
[debug] [2021-03-23T08:18:09.448Z] DEBUG: [runtime-status] [30777] Resolved module firebase-functions {"declared":true,"installed":true,"version":"3.13.2","resolution":"/Users/kylevanheerden/Documents/Firebase/Purchase App/vue_purchase_app/functions/node_modules/firebase-functions/lib/index.js"}
[debug] [2021-03-23T08:18:09.448Z] DEBUG: [runtime-status] [30777] Resolved module firebase-admin {"declared":true,"installed":true,"version":"9.5.0","resolution":"/Users/kylevanheerden/Documents/Firebase/Purchase App/vue_purchase_app/functions/node_modules/firebase-admin/lib/index.js"}
[debug] [2021-03-23T08:18:09.448Z] DEBUG: [runtime-status] [30777] Resolved module firebase-functions {"declared":true,"installed":true,"version":"3.13.2","resolution":"/Users/kylevanheerden/Documents/Firebase/Purchase App/vue_purchase_app/functions/node_modules/firebase-functions/lib/index.js"}
[debug] [2021-03-23T08:18:09.448Z] DEBUG: [runtime-status] [30777] firebase-admin has been stubbed. {"adminResolution":{"declared":true,"installed":true,"version":"9.5.0","resolution":"/Users/kylevanheerden/Documents/Firebase/Purchase App/vue_purchase_app/functions/node_modules/firebase-admin/lib/index.js"}}
[debug] [2021-03-23T08:18:09.457Z] DEBUG: [runtime-status] [30777] initializeApp(DEFAULT) {"storageBucket":"purchase-app-staging.appspot.com","projectId":"purchase-app-staging"}
[warn] ⚠  functions: The Cloud Firestore emulator is not running, so calls to Firestore will affect production. {"metadata":{"emulator":{"name":"functions"},"message":"The Cloud Firestore emulator is not running, so calls to Firestore will affect production."}}
[debug] [2021-03-23T08:18:09.700Z] [functions[backupFirestore]] function ignored because the pubsub emulator does not exist or is not running.
[debug] [2021-03-23T08:18:09.700Z] [functions[addLineItemsToCard]] function ignored because the firestore emulator does not exist or is not running.
[debug] [2021-03-23T08:18:09.700Z] DEBUG: Unsupported trigger: {"eventTrigger":{"resource":"projects/_/buckets/purchase-app-staging.appspot.com","eventType":"google.storage.object.finalize","service":"storage.googleapis.com"},"name":"addFilesToCard2","entryPoint":"addFilesToCard2"}
[debug] [2021-03-23T08:18:09.700Z] [functions[addFilesToCard2]] function ignored because the storage emulator does not exist or is not running.
[debug] [2021-03-23T08:18:09.700Z] [functions[sendSlack]] function ignored because the firestore emulator does not exist or is not running.
[info] i  functions: Loaded functions: backupFirestore, addLineItemsToCard, addFilesToCard2, sendSlack 
[warn] ⚠  functions: The following emulators are not running, calls to these services will affect production: firestore, database, pubsub 
[debug] [2021-03-23T08:18:09.707Z] DEBUG: [worker-~diagnostic~-ad08a780-6998-4f47-9949-1852a71b905e]: IDLE
[debug] [2021-03-23T08:18:22.958Z] shell:addFilesToCard2: trigger={"eventTrigger":{"resource":"projects/_/buckets/purchase-app-staging.appspot.com","eventType":"google.storage.object.finalize","service":"storage.googleapis.com"},"name":"addFilesToCard2","entryPoint":"addFilesToCard2"}
[debug] [2021-03-23T08:18:22.959Z] shell:addFilesToCard2: opts={}, data={}
[debug] [2021-03-23T08:18:22.975Z] DEBUG: [worker-pool] addWorker(addFilesToCard2)
[debug] [2021-03-23T08:18:22.976Z] DEBUG: [worker-pool] Adding worker with key addFilesToCard2, total=1
[debug] [2021-03-23T08:18:22.976Z] DEBUG: [worker-pool] submitWork(triggerId=addFilesToCard2)
[debug] [2021-03-23T08:18:22.976Z] DEBUG: [worker-addFilesToCard2-37586f73-98e7-4871-a615-40a488b8fa23]: Assigning socketPath: /var/folders/nx/m1fn5ntj761bbcfymzz_xgfm0000gn/T/fire_emu_30779.sock
[debug] [2021-03-23T08:18:22.976Z] DEBUG: [worker-addFilesToCard2-37586f73-98e7-4871-a615-40a488b8fa23]: BUSY
[debug] [2021-03-23T08:18:23.094Z] DEBUG: [runtime-status] [30779] Functions runtime initialized. {"cwd":"/Users/kylevanheerden/Documents/Firebase/Purchase App/vue_purchase_app/functions","node_version":"14.16.0"}
[debug] [2021-03-23T08:18:23.095Z] DEBUG: [runtime-status] [30779] Disabled runtime features: undefined
[debug] [2021-03-23T08:18:23.096Z] DEBUG: [runtime-status] [30779] Resolved module firebase-admin {"declared":true,"installed":true,"version":"9.5.0","resolution":"/Users/kylevanheerden/Documents/Firebase/Purchase App/vue_purchase_app/functions/node_modules/firebase-admin/lib/index.js"}
[debug] [2021-03-23T08:18:23.096Z] DEBUG: [runtime-status] [30779] Resolved module firebase-functions {"declared":true,"installed":true,"version":"3.13.2","resolution":"/Users/kylevanheerden/Documents/Firebase/Purchase App/vue_purchase_app/functions/node_modules/firebase-functions/lib/index.js"}
[debug] [2021-03-23T08:18:23.097Z] DEBUG: [runtime-status] [30779] Resolved module firebase-functions {"declared":true,"installed":true,"version":"3.13.2","resolution":"/Users/kylevanheerden/Documents/Firebase/Purchase App/vue_purchase_app/functions/node_modules/firebase-functions/lib/index.js"}
[debug] [2021-03-23T08:18:23.098Z] DEBUG: [runtime-status] [30779] Outgoing network have been stubbed. [{"name":"http","status":"mocked"},{"name":"http","status":"mocked"},{"name":"https","status":"mocked"},{"name":"https","status":"mocked"},{"name":"net","status":"mocked"}]
[debug] [2021-03-23T08:18:23.099Z] DEBUG: [runtime-status] [30779] Resolved module firebase-functions {"declared":true,"installed":true,"version":"3.13.2","resolution":"/Users/kylevanheerden/Documents/Firebase/Purchase App/vue_purchase_app/functions/node_modules/firebase-functions/lib/index.js"}
[debug] [2021-03-23T08:18:23.120Z] DEBUG: [runtime-status] [30779] Checked functions.config() {"config":{}}
[debug] [2021-03-23T08:18:23.120Z] DEBUG: [runtime-status] [30779] firebase-functions has been stubbed. {"functionsResolution":{"declared":true,"installed":true,"version":"3.13.2","resolution":"/Users/kylevanheerden/Documents/Firebase/Purchase App/vue_purchase_app/functions/node_modules/firebase-functions/lib/index.js"}}
[debug] [2021-03-23T08:18:23.120Z] DEBUG: [runtime-status] [30779] Resolved module firebase-functions {"declared":true,"installed":true,"version":"3.13.2","resolution":"/Users/kylevanheerden/Documents/Firebase/Purchase App/vue_purchase_app/functions/node_modules/firebase-functions/lib/index.js"}
[debug] [2021-03-23T08:18:23.120Z] DEBUG: [runtime-status] [30779] Resolved module firebase-admin {"declared":true,"installed":true,"version":"9.5.0","resolution":"/Users/kylevanheerden/Documents/Firebase/Purchase App/vue_purchase_app/functions/node_modules/firebase-admin/lib/index.js"}
[debug] [2021-03-23T08:18:23.120Z] DEBUG: [runtime-status] [30779] Resolved module firebase-functions {"declared":true,"installed":true,"version":"3.13.2","resolution":"/Users/kylevanheerden/Documents/Firebase/Purchase App/vue_purchase_app/functions/node_modules/firebase-functions/lib/index.js"}
[debug] [2021-03-23T08:18:23.121Z] DEBUG: [runtime-status] [30779] firebase-admin has been stubbed. {"adminResolution":{"declared":true,"installed":true,"version":"9.5.0","resolution":"/Users/kylevanheerden/Documents/Firebase/Purchase App/vue_purchase_app/functions/node_modules/firebase-admin/lib/index.js"}}
[debug] [2021-03-23T08:18:23.128Z] DEBUG: [runtime-status] [30779] initializeApp(DEFAULT) {"storageBucket":"purchase-app-staging.appspot.com","projectId":"purchase-app-staging"}
[debug] [2021-03-23T08:18:23.361Z] DEBUG: [runtime-status] [30779] Trigger "addFilesToCard2" has been found, beginning invocation!
[debug] [2021-03-23T08:18:23.361Z] [functions] Beginning execution of "addFilesToCard2"
[debug] [2021-03-23T08:18:23.361Z] DEBUG: [runtime-status] [30779] triggerDefinition {"eventTrigger":{"resource":"projects/_/buckets/purchase-app-staging.appspot.com","eventType":"google.storage.object.finalize","service":"storage.googleapis.com"},"name":"addFilesToCard2","entryPoint":"addFilesToCard2"}
[debug] [2021-03-23T08:18:23.361Z] DEBUG: [runtime-status] [30779] Running addFilesToCard2 in mode BACKGROUND
[debug] [2021-03-23T08:18:23.362Z] DEBUG: [runtime-status] [30779] ProcessBackground {"eventId":"b3cf8a03-cf29-48d4-bc36-a9befa6235c3","timestamp":"2021-03-23T08:18:22.959Z","eventType":"google.storage.object.finalize","data":{}}
[debug] [2021-03-23T08:18:23.362Z] DEBUG: [runtime-status] [30779] RunBackground {"data":{},"context":{"eventId":"b3cf8a03-cf29-48d4-bc36-a9befa6235c3","timestamp":"2021-03-23T08:18:22.959Z","eventType":"google.storage.object.finalize"}}
[debug] [2021-03-23T08:18:23.363Z] DEBUG: [runtime-status] [30779] Ephemeral server survived.
[debug] [2021-03-23T08:18:23.364Z] [functions] Finished "addFilesToCard2" in ~1s
[debug] [2021-03-23T08:18:23.364Z] DEBUG: [worker-addFilesToCard2-37586f73-98e7-4871-a615-40a488b8fa23]: IDLE
[warn] ⚠  Google API requested!
   - URL: "https://oauth2.googleapis.com/token"
   - Be careful, this may be a production service. {"metadata":{"emulator":{"name":"functions"},"function":{"name":"addFilesToCard2"},"message":"Google API requested!\n   - URL: \"https://oauth2.googleapis.com/token\"\n   - Be careful, this may be a production service."}}
[debug] [2021-03-23T08:18:23.478Z] DEBUG: File /Users/kylevanheerden/Documents/Firebase/Purchase App/vue_purchase_app/functions/Downloads changed, reloading triggers
[warn] ⚠  Google API requested!
   - URL: "https://storage.googleapis.com/storage/v1/b/purchase-app-f14b0.appspot.com/o/Quotes%2FY4%20-%20RCL%2FRJYksWVdVi9212WpL98s%2FC3I1JM15s8qV3M85ueLH%2FNanodyne-Extra%20Instruments.pdf?alt=media"
   - Be careful, this may be a production service. {"metadata":{"emulator":{"name":"functions"},"function":{"name":"addFilesToCard2"},"message":"Google API requested!\n   - URL: \"https://storage.googleapis.com/storage/v1/b/purchase-app-f14b0.appspot.com/o/Quotes%2FY4%20-%20RCL%2FRJYksWVdVi9212WpL98s%2FC3I1JM15s8qV3M85ueLH%2FNanodyne-Extra%20Instruments.pdf?alt=media\"\n   - Be careful, this may be a production service."}}
[debug] [2021-03-23T08:18:24.484Z] DEBUG: [worker-pool] Shutting down IDLE worker (~diagnostic~)
[debug] [2021-03-23T08:18:24.485Z] DEBUG: [worker-~diagnostic~-ad08a780-6998-4f47-9949-1852a71b905e]: FINISHING
[debug] [2021-03-23T08:18:24.486Z] DEBUG: [worker-pool] Shutting down IDLE worker (addFilesToCard2)
[debug] [2021-03-23T08:18:24.486Z] DEBUG: [worker-addFilesToCard2-37586f73-98e7-4871-a615-40a488b8fa23]: FINISHING
[debug] [2021-03-23T08:18:24.512Z] DEBUG: [worker-pool] addWorker(~diagnostic~)
[debug] [2021-03-23T08:18:24.512Z] DEBUG: [worker-pool] Adding worker with key ~diagnostic~, total=2
[debug] [2021-03-23T08:18:24.512Z] DEBUG: [worker-pool] submitWork(triggerId=)
[debug] [2021-03-23T08:18:24.513Z] DEBUG: [worker-~diagnostic~-6e751925-2a5a-4e81-bbdb-a033e73dd4e5]: Assigning socketPath: /var/folders/nx/m1fn5ntj761bbcfymzz_xgfm0000gn/T/fire_emu_30781.sock
[debug] [2021-03-23T08:18:24.513Z] DEBUG: [worker-~diagnostic~-6e751925-2a5a-4e81-bbdb-a033e73dd4e5]: BUSY
[debug] [2021-03-23T08:18:24.516Z] DEBUG: [worker-~diagnostic~-ad08a780-6998-4f47-9949-1852a71b905e]: exited
[debug] [2021-03-23T08:18:24.516Z] DEBUG: [worker-~diagnostic~-ad08a780-6998-4f47-9949-1852a71b905e]: FINISHED
[debug] [2021-03-23T08:18:24.517Z] DEBUG: [worker-addFilesToCard2-37586f73-98e7-4871-a615-40a488b8fa23]: exited
[debug] [2021-03-23T08:18:24.517Z] DEBUG: [worker-addFilesToCard2-37586f73-98e7-4871-a615-40a488b8fa23]: FINISHED
[debug] [2021-03-23T08:18:24.627Z] DEBUG: [runtime-status] [30781] Functions runtime initialized. {"cwd":"/Users/kylevanheerden/Documents/Firebase/Purchase App/vue_purchase_app/functions","node_version":"14.16.0"}
[debug] [2021-03-23T08:18:24.628Z] DEBUG: [runtime-status] [30781] Disabled runtime features: undefined
[debug] [2021-03-23T08:18:24.629Z] DEBUG: [runtime-status] [30781] Resolved module firebase-admin {"declared":true,"installed":true,"version":"9.5.0","resolution":"/Users/kylevanheerden/Documents/Firebase/Purchase App/vue_purchase_app/functions/node_modules/firebase-admin/lib/index.js"}
[debug] [2021-03-23T08:18:24.630Z] DEBUG: [runtime-status] [30781] Resolved module firebase-functions {"declared":true,"installed":true,"version":"3.13.2","resolution":"/Users/kylevanheerden/Documents/Firebase/Purchase App/vue_purchase_app/functions/node_modules/firebase-functions/lib/index.js"}
[debug] [2021-03-23T08:18:24.631Z] DEBUG: [runtime-status] [30781] Resolved module firebase-functions {"declared":true,"installed":true,"version":"3.13.2","resolution":"/Users/kylevanheerden/Documents/Firebase/Purchase App/vue_purchase_app/functions/node_modules/firebase-functions/lib/index.js"}
[debug] [2021-03-23T08:18:24.632Z] DEBUG: [runtime-status] [30781] Outgoing network have been stubbed. [{"name":"http","status":"mocked"},{"name":"http","status":"mocked"},{"name":"https","status":"mocked"},{"name":"https","status":"mocked"},{"name":"net","status":"mocked"}]
[debug] [2021-03-23T08:18:24.632Z] DEBUG: [runtime-status] [30781] Resolved module firebase-functions {"declared":true,"installed":true,"version":"3.13.2","resolution":"/Users/kylevanheerden/Documents/Firebase/Purchase App/vue_purchase_app/functions/node_modules/firebase-functions/lib/index.js"}
[debug] [2021-03-23T08:18:24.653Z] DEBUG: [runtime-status] [30781] Checked functions.config() {"config":{}}
[debug] [2021-03-23T08:18:24.653Z] DEBUG: [runtime-status] [30781] firebase-functions has been stubbed. {"functionsResolution":{"declared":true,"installed":true,"version":"3.13.2","resolution":"/Users/kylevanheerden/Documents/Firebase/Purchase App/vue_purchase_app/functions/node_modules/firebase-functions/lib/index.js"}}
[debug] [2021-03-23T08:18:24.653Z] DEBUG: [runtime-status] [30781] Resolved module firebase-functions {"declared":true,"installed":true,"version":"3.13.2","resolution":"/Users/kylevanheerden/Documents/Firebase/Purchase App/vue_purchase_app/functions/node_modules/firebase-functions/lib/index.js"}
[debug] [2021-03-23T08:18:24.653Z] DEBUG: [runtime-status] [30781] Resolved module firebase-admin {"declared":true,"installed":true,"version":"9.5.0","resolution":"/Users/kylevanheerden/Documents/Firebase/Purchase App/vue_purchase_app/functions/node_modules/firebase-admin/lib/index.js"}
[debug] [2021-03-23T08:18:24.654Z] DEBUG: [runtime-status] [30781] Resolved module firebase-functions {"declared":true,"installed":true,"version":"3.13.2","resolution":"/Users/kylevanheerden/Documents/Firebase/Purchase App/vue_purchase_app/functions/node_modules/firebase-functions/lib/index.js"}
[debug] [2021-03-23T08:18:24.654Z] DEBUG: [runtime-status] [30781] firebase-admin has been stubbed. {"adminResolution":{"declared":true,"installed":true,"version":"9.5.0","resolution":"/Users/kylevanheerden/Documents/Firebase/Purchase App/vue_purchase_app/functions/node_modules/firebase-admin/lib/index.js"}}
[debug] [2021-03-23T08:18:24.660Z] DEBUG: [runtime-status] [30781] initializeApp(DEFAULT) {"storageBucket":"purchase-app-staging.appspot.com","projectId":"purchase-app-staging"}
[debug] [2021-03-23T08:18:24.893Z] DEBUG: [worker-~diagnostic~-6e751925-2a5a-4e81-bbdb-a033e73dd4e5]: IDLE
[debug] [2021-03-23T08:35:18.098Z] DEBUG: File /Users/kylevanheerden/Documents/Firebase/Purchase App/vue_purchase_app/functions/index.js changed, reloading triggers
[debug] [2021-03-23T08:35:19.113Z] DEBUG: [worker-pool] Shutting down IDLE worker (~diagnostic~)
[debug] [2021-03-23T08:35:19.114Z] DEBUG: [worker-~diagnostic~-6e751925-2a5a-4e81-bbdb-a033e73dd4e5]: FINISHING
[debug] [2021-03-23T08:35:19.116Z] DEBUG: [worker-pool] Cleaned up workers for ~diagnostic~: 2 --> 1
[debug] [2021-03-23T08:35:19.117Z] DEBUG: [worker-pool] Cleaned up workers for addFilesToCard2: 1 --> 0
[debug] [2021-03-23T08:35:19.168Z] DEBUG: [worker-pool] addWorker(~diagnostic~)
[debug] [2021-03-23T08:35:19.168Z] DEBUG: [worker-pool] Adding worker with key ~diagnostic~, total=2
[debug] [2021-03-23T08:35:19.168Z] DEBUG: [worker-pool] submitWork(triggerId=)
[debug] [2021-03-23T08:35:19.168Z] DEBUG: [worker-~diagnostic~-ff74a61c-3840-4ded-98dd-ab91246baa50]: Assigning socketPath: /var/folders/nx/m1fn5ntj761bbcfymzz_xgfm0000gn/T/fire_emu_31048.sock
[debug] [2021-03-23T08:35:19.169Z] DEBUG: [worker-~diagnostic~-ff74a61c-3840-4ded-98dd-ab91246baa50]: BUSY
[debug] [2021-03-23T08:35:19.170Z] DEBUG: [worker-~diagnostic~-6e751925-2a5a-4e81-bbdb-a033e73dd4e5]: exited
[debug] [2021-03-23T08:35:19.170Z] DEBUG: [worker-~diagnostic~-6e751925-2a5a-4e81-bbdb-a033e73dd4e5]: FINISHED
[debug] [2021-03-23T08:35:19.334Z] DEBUG: [runtime-status] [31048] Functions runtime initialized. {"cwd":"/Users/kylevanheerden/Documents/Firebase/Purchase App/vue_purchase_app/functions","node_version":"14.16.0"}
[debug] [2021-03-23T08:35:19.335Z] DEBUG: [runtime-status] [31048] Disabled runtime features: undefined
[debug] [2021-03-23T08:35:19.336Z] DEBUG: [runtime-status] [31048] Resolved module firebase-admin {"declared":true,"installed":true,"version":"9.5.0","resolution":"/Users/kylevanheerden/Documents/Firebase/Purchase App/vue_purchase_app/functions/node_modules/firebase-admin/lib/index.js"}
[debug] [2021-03-23T08:35:19.337Z] DEBUG: [runtime-status] [31048] Resolved module firebase-functions {"declared":true,"installed":true,"version":"3.13.2","resolution":"/Users/kylevanheerden/Documents/Firebase/Purchase App/vue_purchase_app/functions/node_modules/firebase-functions/lib/index.js"}
[debug] [2021-03-23T08:35:19.338Z] DEBUG: [runtime-status] [31048] Resolved module firebase-functions {"declared":true,"installed":true,"version":"3.13.2","resolution":"/Users/kylevanheerden/Documents/Firebase/Purchase App/vue_purchase_app/functions/node_modules/firebase-functions/lib/index.js"}
[debug] [2021-03-23T08:35:19.340Z] DEBUG: [runtime-status] [31048] Outgoing network have been stubbed. [{"name":"http","status":"mocked"},{"name":"http","status":"mocked"},{"name":"https","status":"mocked"},{"name":"https","status":"mocked"},{"name":"net","status":"mocked"}]
[debug] [2021-03-23T08:35:19.340Z] DEBUG: [runtime-status] [31048] Resolved module firebase-functions {"declared":true,"installed":true,"version":"3.13.2","resolution":"/Users/kylevanheerden/Documents/Firebase/Purchase App/vue_purchase_app/functions/node_modules/firebase-functions/lib/index.js"}
[debug] [2021-03-23T08:35:19.374Z] DEBUG: [runtime-status] [31048] Checked functions.config() {"config":{}}
[debug] [2021-03-23T08:35:19.374Z] DEBUG: [runtime-status] [31048] firebase-functions has been stubbed. {"functionsResolution":{"declared":true,"installed":true,"version":"3.13.2","resolution":"/Users/kylevanheerden/Documents/Firebase/Purchase App/vue_purchase_app/functions/node_modules/firebase-functions/lib/index.js"}}
[debug] [2021-03-23T08:35:19.374Z] DEBUG: [runtime-status] [31048] Resolved module firebase-functions {"declared":true,"installed":true,"version":"3.13.2","resolution":"/Users/kylevanheerden/Documents/Firebase/Purchase App/vue_purchase_app/functions/node_modules/firebase-functions/lib/index.js"}
[debug] [2021-03-23T08:35:19.374Z] DEBUG: [runtime-status] [31048] Resolved module firebase-admin {"declared":true,"installed":true,"version":"9.5.0","resolution":"/Users/kylevanheerden/Documents/Firebase/Purchase App/vue_purchase_app/functions/node_modules/firebase-admin/lib/index.js"}
[debug] [2021-03-23T08:35:19.375Z] DEBUG: [runtime-status] [31048] Resolved module firebase-functions {"declared":true,"installed":true,"version":"3.13.2","resolution":"/Users/kylevanheerden/Documents/Firebase/Purchase App/vue_purchase_app/functions/node_modules/firebase-functions/lib/index.js"}
[debug] [2021-03-23T08:35:19.375Z] DEBUG: [runtime-status] [31048] firebase-admin has been stubbed. {"adminResolution":{"declared":true,"installed":true,"version":"9.5.0","resolution":"/Users/kylevanheerden/Documents/Firebase/Purchase App/vue_purchase_app/functions/node_modules/firebase-admin/lib/index.js"}}
[debug] [2021-03-23T08:35:19.385Z] DEBUG: [runtime-status] [31048] initializeApp(DEFAULT) {"storageBucket":"purchase-app-staging.appspot.com","projectId":"purchase-app-staging"}
[debug] [2021-03-23T08:35:19.726Z] DEBUG: [worker-~diagnostic~-ff74a61c-3840-4ded-98dd-ab91246baa50]: IDLE
[debug] [2021-03-23T08:35:48.456Z] DEBUG: File /Users/kylevanheerden/Documents/Firebase/Purchase App/vue_purchase_app/functions/index.js changed, reloading triggers
[debug] [2021-03-23T08:35:49.461Z] DEBUG: [worker-pool] Shutting down IDLE worker (~diagnostic~)
[debug] [2021-03-23T08:35:49.461Z] DEBUG: [worker-~diagnostic~-ff74a61c-3840-4ded-98dd-ab91246baa50]: FINISHING
[debug] [2021-03-23T08:35:49.461Z] DEBUG: [worker-pool] Cleaned up workers for ~diagnostic~: 2 --> 1
[debug] [2021-03-23T08:35:49.476Z] DEBUG: [worker-pool] addWorker(~diagnostic~)
[debug] [2021-03-23T08:35:49.476Z] DEBUG: [worker-pool] Adding worker with key ~diagnostic~, total=2
[debug] [2021-03-23T08:35:49.476Z] DEBUG: [worker-pool] submitWork(triggerId=)
[debug] [2021-03-23T08:35:49.476Z] DEBUG: [worker-~diagnostic~-7bb6857c-8a26-4f65-9f06-3d7b6ae5ca1e]: Assigning socketPath: /var/folders/nx/m1fn5ntj761bbcfymzz_xgfm0000gn/T/fire_emu_31061.sock
[debug] [2021-03-23T08:35:49.476Z] DEBUG: [worker-~diagnostic~-7bb6857c-8a26-4f65-9f06-3d7b6ae5ca1e]: BUSY
[debug] [2021-03-23T08:35:49.477Z] DEBUG: [worker-~diagnostic~-ff74a61c-3840-4ded-98dd-ab91246baa50]: exited
[debug] [2021-03-23T08:35:49.477Z] DEBUG: [worker-~diagnostic~-ff74a61c-3840-4ded-98dd-ab91246baa50]: FINISHED
[debug] [2021-03-23T08:35:49.605Z] DEBUG: [runtime-status] [31061] Functions runtime initialized. {"cwd":"/Users/kylevanheerden/Documents/Firebase/Purchase App/vue_purchase_app/functions","node_version":"14.16.0"}
[debug] [2021-03-23T08:35:49.606Z] DEBUG: [runtime-status] [31061] Disabled runtime features: undefined
[debug] [2021-03-23T08:35:49.615Z] DEBUG: [runtime-status] [31061] Resolved module firebase-admin {"declared":true,"installed":true,"version":"9.5.0","resolution":"/Users/kylevanheerden/Documents/Firebase/Purchase App/vue_purchase_app/functions/node_modules/firebase-admin/lib/index.js"}
[debug] [2021-03-23T08:35:49.615Z] DEBUG: [runtime-status] [31061] Resolved module firebase-functions {"declared":true,"installed":true,"version":"3.13.2","resolution":"/Users/kylevanheerden/Documents/Firebase/Purchase App/vue_purchase_app/functions/node_modules/firebase-functions/lib/index.js"}
[debug] [2021-03-23T08:35:49.616Z] DEBUG: [runtime-status] [31061] Resolved module firebase-functions {"declared":true,"installed":true,"version":"3.13.2","resolution":"/Users/kylevanheerden/Documents/Firebase/Purchase App/vue_purchase_app/functions/node_modules/firebase-functions/lib/index.js"}
[debug] [2021-03-23T08:35:49.617Z] DEBUG: [runtime-status] [31061] Outgoing network have been stubbed. [{"name":"http","status":"mocked"},{"name":"http","status":"mocked"},{"name":"https","status":"mocked"},{"name":"https","status":"mocked"},{"name":"net","status":"mocked"}]
[debug] [2021-03-23T08:35:49.618Z] DEBUG: [runtime-status] [31061] Resolved module firebase-functions {"declared":true,"installed":true,"version":"3.13.2","resolution":"/Users/kylevanheerden/Documents/Firebase/Purchase App/vue_purchase_app/functions/node_modules/firebase-functions/lib/index.js"}
[debug] [2021-03-23T08:35:49.646Z] DEBUG: [runtime-status] [31061] Checked functions.config() {"config":{}}
[debug] [2021-03-23T08:35:49.646Z] DEBUG: [runtime-status] [31061] firebase-functions has been stubbed. {"functionsResolution":{"declared":true,"installed":true,"version":"3.13.2","resolution":"/Users/kylevanheerden/Documents/Firebase/Purchase App/vue_purchase_app/functions/node_modules/firebase-functions/lib/index.js"}}
[debug] [2021-03-23T08:35:49.646Z] DEBUG: [runtime-status] [31061] Resolved module firebase-functions {"declared":true,"installed":true,"version":"3.13.2","resolution":"/Users/kylevanheerden/Documents/Firebase/Purchase App/vue_purchase_app/functions/node_modules/firebase-functions/lib/index.js"}
[debug] [2021-03-23T08:35:49.647Z] DEBUG: [runtime-status] [31061] Resolved module firebase-admin {"declared":true,"installed":true,"version":"9.5.0","resolution":"/Users/kylevanheerden/Documents/Firebase/Purchase App/vue_purchase_app/functions/node_modules/firebase-admin/lib/index.js"}
[debug] [2021-03-23T08:35:49.647Z] DEBUG: [runtime-status] [31061] Resolved module firebase-functions {"declared":true,"installed":true,"version":"3.13.2","resolution":"/Users/kylevanheerden/Documents/Firebase/Purchase App/vue_purchase_app/functions/node_modules/firebase-functions/lib/index.js"}
[debug] [2021-03-23T08:35:49.647Z] DEBUG: [runtime-status] [31061] firebase-admin has been stubbed. {"adminResolution":{"declared":true,"installed":true,"version":"9.5.0","resolution":"/Users/kylevanheerden/Documents/Firebase/Purchase App/vue_purchase_app/functions/node_modules/firebase-admin/lib/index.js"}}
[debug] [2021-03-23T08:35:49.656Z] DEBUG: [runtime-status] [31061] initializeApp(DEFAULT) {"storageBucket":"purchase-app-staging.appspot.com","projectId":"purchase-app-staging"}
[debug] [2021-03-23T08:35:50.133Z] DEBUG: [worker-~diagnostic~-7bb6857c-8a26-4f65-9f06-3d7b6ae5ca1e]: IDLE
[debug] [2021-03-23T08:35:52.594Z] DEBUG: File /Users/kylevanheerden/Documents/Firebase/Purchase App/vue_purchase_app/functions/index.js changed, reloading triggers
[debug] [2021-03-23T08:35:52.694Z] DEBUG: File /Users/kylevanheerden/Documents/Firebase/Purchase App/vue_purchase_app/functions/index.js changed, reloading triggers
[debug] [2021-03-23T08:35:53.706Z] DEBUG: [worker-pool] Shutting down IDLE worker (~diagnostic~)
[debug] [2021-03-23T08:35:53.706Z] DEBUG: [worker-~diagnostic~-7bb6857c-8a26-4f65-9f06-3d7b6ae5ca1e]: FINISHING
[debug] [2021-03-23T08:35:53.707Z] DEBUG: [worker-pool] Cleaned up workers for ~diagnostic~: 2 --> 1
[debug] [2021-03-23T08:35:53.727Z] DEBUG: [worker-pool] addWorker(~diagnostic~)
[debug] [2021-03-23T08:35:53.728Z] DEBUG: [worker-pool] Adding worker with key ~diagnostic~, total=2
[debug] [2021-03-23T08:35:53.728Z] DEBUG: [worker-pool] submitWork(triggerId=)
[debug] [2021-03-23T08:35:53.728Z] DEBUG: [worker-~diagnostic~-39f493fb-95a1-4120-a5d4-84225ff9dd46]: Assigning socketPath: /var/folders/nx/m1fn5ntj761bbcfymzz_xgfm0000gn/T/fire_emu_31069.sock
[debug] [2021-03-23T08:35:53.728Z] DEBUG: [worker-~diagnostic~-39f493fb-95a1-4120-a5d4-84225ff9dd46]: BUSY
[debug] [2021-03-23T08:35:53.730Z] DEBUG: [worker-~diagnostic~-7bb6857c-8a26-4f65-9f06-3d7b6ae5ca1e]: exited
[debug] [2021-03-23T08:35:53.736Z] DEBUG: [worker-~diagnostic~-7bb6857c-8a26-4f65-9f06-3d7b6ae5ca1e]: FINISHED
[debug] [2021-03-23T08:35:53.852Z] DEBUG: [runtime-status] [31069] Functions runtime initialized. {"cwd":"/Users/kylevanheerden/Documents/Firebase/Purchase App/vue_purchase_app/functions","node_version":"14.16.0"}
[debug] [2021-03-23T08:35:53.853Z] DEBUG: [runtime-status] [31069] Disabled runtime features: undefined
[debug] [2021-03-23T08:35:53.853Z] DEBUG: [runtime-status] [31069] Resolved module firebase-admin {"declared":true,"installed":true,"version":"9.5.0","resolution":"/Users/kylevanheerden/Documents/Firebase/Purchase App/vue_purchase_app/functions/node_modules/firebase-admin/lib/index.js"}
[debug] [2021-03-23T08:35:53.853Z] DEBUG: [runtime-status] [31069] Resolved module firebase-functions {"declared":true,"installed":true,"version":"3.13.2","resolution":"/Users/kylevanheerden/Documents/Firebase/Purchase App/vue_purchase_app/functions/node_modules/firebase-functions/lib/index.js"}
[debug] [2021-03-23T08:35:53.855Z] DEBUG: [runtime-status] [31069] Resolved module firebase-functions {"declared":true,"installed":true,"version":"3.13.2","resolution":"/Users/kylevanheerden/Documents/Firebase/Purchase App/vue_purchase_app/functions/node_modules/firebase-functions/lib/index.js"}
[debug] [2021-03-23T08:35:53.856Z] DEBUG: [runtime-status] [31069] Outgoing network have been stubbed. [{"name":"http","status":"mocked"},{"name":"http","status":"mocked"},{"name":"https","status":"mocked"},{"name":"https","status":"mocked"},{"name":"net","status":"mocked"}]
[debug] [2021-03-23T08:35:53.856Z] DEBUG: [runtime-status] [31069] Resolved module firebase-functions {"declared":true,"installed":true,"version":"3.13.2","resolution":"/Users/kylevanheerden/Documents/Firebase/Purchase App/vue_purchase_app/functions/node_modules/firebase-functions/lib/index.js"}
[debug] [2021-03-23T08:35:53.877Z] DEBUG: [runtime-status] [31069] Checked functions.config() {"config":{}}
[debug] [2021-03-23T08:35:53.877Z] DEBUG: [runtime-status] [31069] firebase-functions has been stubbed. {"functionsResolution":{"declared":true,"installed":true,"version":"3.13.2","resolution":"/Users/kylevanheerden/Documents/Firebase/Purchase App/vue_purchase_app/functions/node_modules/firebase-functions/lib/index.js"}}
[debug] [2021-03-23T08:35:53.877Z] DEBUG: [runtime-status] [31069] Resolved module firebase-functions {"declared":true,"installed":true,"version":"3.13.2","resolution":"/Users/kylevanheerden/Documents/Firebase/Purchase App/vue_purchase_app/functions/node_modules/firebase-functions/lib/index.js"}
[debug] [2021-03-23T08:35:53.878Z] DEBUG: [runtime-status] [31069] Resolved module firebase-admin {"declared":true,"installed":true,"version":"9.5.0","resolution":"/Users/kylevanheerden/Documents/Firebase/Purchase App/vue_purchase_app/functions/node_modules/firebase-admin/lib/index.js"}
[debug] [2021-03-23T08:35:53.878Z] DEBUG: [runtime-status] [31069] Resolved module firebase-functions {"declared":true,"installed":true,"version":"3.13.2","resolution":"/Users/kylevanheerden/Documents/Firebase/Purchase App/vue_purchase_app/functions/node_modules/firebase-functions/lib/index.js"}
[debug] [2021-03-23T08:35:53.878Z] DEBUG: [runtime-status] [31069] firebase-admin has been stubbed. {"adminResolution":{"declared":true,"installed":true,"version":"9.5.0","resolution":"/Users/kylevanheerden/Documents/Firebase/Purchase App/vue_purchase_app/functions/node_modules/firebase-admin/lib/index.js"}}
[debug] [2021-03-23T08:35:53.885Z] DEBUG: [runtime-status] [31069] initializeApp(DEFAULT) {"storageBucket":"purchase-app-staging.appspot.com","projectId":"purchase-app-staging"}
[debug] [2021-03-23T08:35:54.125Z] DEBUG: [worker-~diagnostic~-39f493fb-95a1-4120-a5d4-84225ff9dd46]: IDLE
[debug] [2021-03-23T08:36:33.337Z] DEBUG: File /Users/kylevanheerden/Documents/Firebase/Purchase App/vue_purchase_app/functions/index.js changed, reloading triggers
[debug] [2021-03-23T08:36:34.410Z] DEBUG: [worker-pool] Shutting down IDLE worker (~diagnostic~)
[debug] [2021-03-23T08:36:34.410Z] DEBUG: [worker-~diagnostic~-39f493fb-95a1-4120-a5d4-84225ff9dd46]: FINISHING
[debug] [2021-03-23T08:36:34.416Z] DEBUG: [worker-pool] Cleaned up workers for ~diagnostic~: 2 --> 1
[debug] [2021-03-23T08:36:34.565Z] DEBUG: [worker-pool] addWorker(~diagnostic~)
[debug] [2021-03-23T08:36:34.565Z] DEBUG: [worker-pool] Adding worker with key ~diagnostic~, total=2
[debug] [2021-03-23T08:36:34.565Z] DEBUG: [worker-pool] submitWork(triggerId=)
[debug] [2021-03-23T08:36:34.565Z] DEBUG: [worker-~diagnostic~-daca134e-ef36-498f-9b4a-0cc704ac8abd]: Assigning socketPath: /var/folders/nx/m1fn5ntj761bbcfymzz_xgfm0000gn/T/fire_emu_31083.sock
[debug] [2021-03-23T08:36:34.566Z] DEBUG: [worker-~diagnostic~-daca134e-ef36-498f-9b4a-0cc704ac8abd]: BUSY
[debug] [2021-03-23T08:36:34.608Z] DEBUG: [worker-~diagnostic~-39f493fb-95a1-4120-a5d4-84225ff9dd46]: exited
[debug] [2021-03-23T08:36:34.608Z] DEBUG: [worker-~diagnostic~-39f493fb-95a1-4120-a5d4-84225ff9dd46]: FINISHED
[debug] [2021-03-23T08:36:35.252Z] DEBUG: [runtime-status] [31083] Functions runtime initialized. {"cwd":"/Users/kylevanheerden/Documents/Firebase/Purchase App/vue_purchase_app/functions","node_version":"14.16.0"}
[debug] [2021-03-23T08:36:35.258Z] DEBUG: [runtime-status] [31083] Disabled runtime features: undefined
[debug] [2021-03-23T08:36:35.260Z] DEBUG: [runtime-status] [31083] Resolved module firebase-admin {"declared":true,"installed":true,"version":"9.5.0","resolution":"/Users/kylevanheerden/Documents/Firebase/Purchase App/vue_purchase_app/functions/node_modules/firebase-admin/lib/index.js"}
[debug] [2021-03-23T08:36:35.264Z] DEBUG: [runtime-status] [31083] Resolved module firebase-functions {"declared":true,"installed":true,"version":"3.13.2","resolution":"/Users/kylevanheerden/Documents/Firebase/Purchase App/vue_purchase_app/functions/node_modules/firebase-functions/lib/index.js"}
[debug] [2021-03-23T08:36:35.265Z] DEBUG: [runtime-status] [31083] Resolved module firebase-functions {"declared":true,"installed":true,"version":"3.13.2","resolution":"/Users/kylevanheerden/Documents/Firebase/Purchase App/vue_purchase_app/functions/node_modules/firebase-functions/lib/index.js"}
[debug] [2021-03-23T08:36:35.269Z] DEBUG: [runtime-status] [31083] Outgoing network have been stubbed. [{"name":"http","status":"mocked"},{"name":"http","status":"mocked"},{"name":"https","status":"mocked"},{"name":"https","status":"mocked"},{"name":"net","status":"mocked"}]
[debug] [2021-03-23T08:36:35.270Z] DEBUG: [runtime-status] [31083] Resolved module firebase-functions {"declared":true,"installed":true,"version":"3.13.2","resolution":"/Users/kylevanheerden/Documents/Firebase/Purchase App/vue_purchase_app/functions/node_modules/firebase-functions/lib/index.js"}
[debug] [2021-03-23T08:36:35.398Z] DEBUG: [runtime-status] [31083] Checked functions.config() {"config":{}}
[debug] [2021-03-23T08:36:35.398Z] DEBUG: [runtime-status] [31083] firebase-functions has been stubbed. {"functionsResolution":{"declared":true,"installed":true,"version":"3.13.2","resolution":"/Users/kylevanheerden/Documents/Firebase/Purchase App/vue_purchase_app/functions/node_modules/firebase-functions/lib/index.js"}}
[debug] [2021-03-23T08:36:35.398Z] DEBUG: [runtime-status] [31083] Resolved module firebase-functions {"declared":true,"installed":true,"version":"3.13.2","resolution":"/Users/kylevanheerden/Documents/Firebase/Purchase App/vue_purchase_app/functions/node_modules/firebase-functions/lib/index.js"}
[debug] [2021-03-23T08:36:35.398Z] DEBUG: [runtime-status] [31083] Resolved module firebase-admin {"declared":true,"installed":true,"version":"9.5.0","resolution":"/Users/kylevanheerden/Documents/Firebase/Purchase App/vue_purchase_app/functions/node_modules/firebase-admin/lib/index.js"}
[debug] [2021-03-23T08:36:35.398Z] DEBUG: [runtime-status] [31083] Resolved module firebase-functions {"declared":true,"installed":true,"version":"3.13.2","resolution":"/Users/kylevanheerden/Documents/Firebase/Purchase App/vue_purchase_app/functions/node_modules/firebase-functions/lib/index.js"}
[debug] [2021-03-23T08:36:35.399Z] DEBUG: [runtime-status] [31083] firebase-admin has been stubbed. {"adminResolution":{"declared":true,"installed":true,"version":"9.5.0","resolution":"/Users/kylevanheerden/Documents/Firebase/Purchase App/vue_purchase_app/functions/node_modules/firebase-admin/lib/index.js"}}
[debug] [2021-03-23T08:36:35.486Z] DEBUG: [runtime-status] [31083] initializeApp(DEFAULT) {"storageBucket":"purchase-app-staging.appspot.com","projectId":"purchase-app-staging"}
[debug] [2021-03-23T08:36:35.966Z] DEBUG: [worker-~diagnostic~-daca134e-ef36-498f-9b4a-0cc704ac8abd]: IDLE
[debug] [2021-03-23T08:36:49.757Z] DEBUG: File /Users/kylevanheerden/Documents/Firebase/Purchase App/vue_purchase_app/functions/index.js changed, reloading triggers
[debug] [2021-03-23T08:36:50.764Z] DEBUG: [worker-pool] Shutting down IDLE worker (~diagnostic~)
[debug] [2021-03-23T08:36:50.765Z] DEBUG: [worker-~diagnostic~-daca134e-ef36-498f-9b4a-0cc704ac8abd]: FINISHING
[debug] [2021-03-23T08:36:50.765Z] DEBUG: [worker-pool] Cleaned up workers for ~diagnostic~: 2 --> 1
[debug] [2021-03-23T08:36:50.788Z] DEBUG: [worker-pool] addWorker(~diagnostic~)
[debug] [2021-03-23T08:36:50.789Z] DEBUG: [worker-pool] Adding worker with key ~diagnostic~, total=2
[debug] [2021-03-23T08:36:50.789Z] DEBUG: [worker-pool] submitWork(triggerId=)
[debug] [2021-03-23T08:36:50.789Z] DEBUG: [worker-~diagnostic~-04843d75-a3c2-4f54-a3bd-1d4e35c263a0]: Assigning socketPath: /var/folders/nx/m1fn5ntj761bbcfymzz_xgfm0000gn/T/fire_emu_31100.sock
[debug] [2021-03-23T08:36:50.789Z] DEBUG: [worker-~diagnostic~-04843d75-a3c2-4f54-a3bd-1d4e35c263a0]: BUSY
[debug] [2021-03-23T08:36:50.791Z] DEBUG: [worker-~diagnostic~-daca134e-ef36-498f-9b4a-0cc704ac8abd]: exited
[debug] [2021-03-23T08:36:50.791Z] DEBUG: [worker-~diagnostic~-daca134e-ef36-498f-9b4a-0cc704ac8abd]: FINISHED
[debug] [2021-03-23T08:36:50.940Z] DEBUG: [runtime-status] [31100] Functions runtime initialized. {"cwd":"/Users/kylevanheerden/Documents/Firebase/Purchase App/vue_purchase_app/functions","node_version":"14.16.0"}
[debug] [2021-03-23T08:36:50.941Z] DEBUG: [runtime-status] [31100] Disabled runtime features: undefined
[debug] [2021-03-23T08:36:50.942Z] DEBUG: [runtime-status] [31100] Resolved module firebase-admin {"declared":true,"installed":true,"version":"9.5.0","resolution":"/Users/kylevanheerden/Documents/Firebase/Purchase App/vue_purchase_app/functions/node_modules/firebase-admin/lib/index.js"}
[debug] [2021-03-23T08:36:50.943Z] DEBUG: [runtime-status] [31100] Resolved module firebase-functions {"declared":true,"installed":true,"version":"3.13.2","resolution":"/Users/kylevanheerden/Documents/Firebase/Purchase App/vue_purchase_app/functions/node_modules/firebase-functions/lib/index.js"}
[debug] [2021-03-23T08:36:50.944Z] DEBUG: [runtime-status] [31100] Resolved module firebase-functions {"declared":true,"installed":true,"version":"3.13.2","resolution":"/Users/kylevanheerden/Documents/Firebase/Purchase App/vue_purchase_app/functions/node_modules/firebase-functions/lib/index.js"}
[debug] [2021-03-23T08:36:50.945Z] DEBUG: [runtime-status] [31100] Outgoing network have been stubbed. [{"name":"http","status":"mocked"},{"name":"http","status":"mocked"},{"name":"https","status":"mocked"},{"name":"https","status":"mocked"},{"name":"net","status":"mocked"}]
[debug] [2021-03-23T08:36:50.945Z] DEBUG: [runtime-status] [31100] Resolved module firebase-functions {"declared":true,"installed":true,"version":"3.13.2","resolution":"/Users/kylevanheerden/Documents/Firebase/Purchase App/vue_purchase_app/functions/node_modules/firebase-functions/lib/index.js"}
[debug] [2021-03-23T08:36:50.978Z] DEBUG: [runtime-status] [31100] Checked functions.config() {"config":{}}
[debug] [2021-03-23T08:36:50.978Z] DEBUG: [runtime-status] [31100] firebase-functions has been stubbed. {"functionsResolution":{"declared":true,"installed":true,"version":"3.13.2","resolution":"/Users/kylevanheerden/Documents/Firebase/Purchase App/vue_purchase_app/functions/node_modules/firebase-functions/lib/index.js"}}
[debug] [2021-03-23T08:36:50.978Z] DEBUG: [runtime-status] [31100] Resolved module firebase-functions {"declared":true,"installed":true,"version":"3.13.2","resolution":"/Users/kylevanheerden/Documents/Firebase/Purchase App/vue_purchase_app/functions/node_modules/firebase-functions/lib/index.js"}
[debug] [2021-03-23T08:36:50.978Z] DEBUG: [runtime-status] [31100] Resolved module firebase-admin {"declared":true,"installed":true,"version":"9.5.0","resolution":"/Users/kylevanheerden/Documents/Firebase/Purchase App/vue_purchase_app/functions/node_modules/firebase-admin/lib/index.js"}
[debug] [2021-03-23T08:36:50.979Z] DEBUG: [runtime-status] [31100] Resolved module firebase-functions {"declared":true,"installed":true,"version":"3.13.2","resolution":"/Users/kylevanheerden/Documents/Firebase/Purchase App/vue_purchase_app/functions/node_modules/firebase-functions/lib/index.js"}
[debug] [2021-03-23T08:36:50.979Z] DEBUG: [runtime-status] [31100] firebase-admin has been stubbed. {"adminResolution":{"declared":true,"installed":true,"version":"9.5.0","resolution":"/Users/kylevanheerden/Documents/Firebase/Purchase App/vue_purchase_app/functions/node_modules/firebase-admin/lib/index.js"}}
[debug] [2021-03-23T08:36:50.988Z] DEBUG: [runtime-status] [31100] initializeApp(DEFAULT) {"storageBucket":"purchase-app-staging.appspot.com","projectId":"purchase-app-staging"}
[debug] [2021-03-23T08:36:51.293Z] DEBUG: [worker-~diagnostic~-04843d75-a3c2-4f54-a3bd-1d4e35c263a0]: IDLE
[debug] [2021-03-23T08:37:06.142Z] DEBUG: File /Users/kylevanheerden/Documents/Firebase/Purchase App/vue_purchase_app/functions/index.js changed, reloading triggers
[debug] [2021-03-23T08:37:07.148Z] DEBUG: [worker-pool] Shutting down IDLE worker (~diagnostic~)
[debug] [2021-03-23T08:37:07.149Z] DEBUG: [worker-~diagnostic~-04843d75-a3c2-4f54-a3bd-1d4e35c263a0]: FINISHING
[debug] [2021-03-23T08:37:07.149Z] DEBUG: [worker-pool] Cleaned up workers for ~diagnostic~: 2 --> 1
[debug] [2021-03-23T08:37:07.171Z] DEBUG: [worker-pool] addWorker(~diagnostic~)
[debug] [2021-03-23T08:37:07.171Z] DEBUG: [worker-pool] Adding worker with key ~diagnostic~, total=2
[debug] [2021-03-23T08:37:07.171Z] DEBUG: [worker-pool] submitWork(triggerId=)
[debug] [2021-03-23T08:37:07.171Z] DEBUG: [worker-~diagnostic~-a7da267a-10dd-40a6-b01b-cb6f6c3bff97]: Assigning socketPath: /var/folders/nx/m1fn5ntj761bbcfymzz_xgfm0000gn/T/fire_emu_31111.sock
[debug] [2021-03-23T08:37:07.171Z] DEBUG: [worker-~diagnostic~-a7da267a-10dd-40a6-b01b-cb6f6c3bff97]: BUSY
[debug] [2021-03-23T08:37:07.173Z] DEBUG: [worker-~diagnostic~-04843d75-a3c2-4f54-a3bd-1d4e35c263a0]: exited
[debug] [2021-03-23T08:37:07.173Z] DEBUG: [worker-~diagnostic~-04843d75-a3c2-4f54-a3bd-1d4e35c263a0]: FINISHED
[debug] [2021-03-23T08:37:07.297Z] DEBUG: [runtime-status] [31111] Functions runtime initialized. {"cwd":"/Users/kylevanheerden/Documents/Firebase/Purchase App/vue_purchase_app/functions","node_version":"14.16.0"}
[debug] [2021-03-23T08:37:07.298Z] DEBUG: [runtime-status] [31111] Disabled runtime features: undefined
[debug] [2021-03-23T08:37:07.299Z] DEBUG: [runtime-status] [31111] Resolved module firebase-admin {"declared":true,"installed":true,"version":"9.5.0","resolution":"/Users/kylevanheerden/Documents/Firebase/Purchase App/vue_purchase_app/functions/node_modules/firebase-admin/lib/index.js"}
[debug] [2021-03-23T08:37:07.300Z] DEBUG: [runtime-status] [31111] Resolved module firebase-functions {"declared":true,"installed":true,"version":"3.13.2","resolution":"/Users/kylevanheerden/Documents/Firebase/Purchase App/vue_purchase_app/functions/node_modules/firebase-functions/lib/index.js"}
[debug] [2021-03-23T08:37:07.301Z] DEBUG: [runtime-status] [31111] Resolved module firebase-functions {"declared":true,"installed":true,"version":"3.13.2","resolution":"/Users/kylevanheerden/Documents/Firebase/Purchase App/vue_purchase_app/functions/node_modules/firebase-functions/lib/index.js"}
[debug] [2021-03-23T08:37:07.302Z] DEBUG: [runtime-status] [31111] Outgoing network have been stubbed. [{"name":"http","status":"mocked"},{"name":"http","status":"mocked"},{"name":"https","status":"mocked"},{"name":"https","status":"mocked"},{"name":"net","status":"mocked"}]
[debug] [2021-03-23T08:37:07.302Z] DEBUG: [runtime-status] [31111] Resolved module firebase-functions {"declared":true,"installed":true,"version":"3.13.2","resolution":"/Users/kylevanheerden/Documents/Firebase/Purchase App/vue_purchase_app/functions/node_modules/firebase-functions/lib/index.js"}
[debug] [2021-03-23T08:37:07.325Z] DEBUG: [runtime-status] [31111] Checked functions.config() {"config":{}}
[debug] [2021-03-23T08:37:07.325Z] DEBUG: [runtime-status] [31111] firebase-functions has been stubbed. {"functionsResolution":{"declared":true,"installed":true,"version":"3.13.2","resolution":"/Users/kylevanheerden/Documents/Firebase/Purchase App/vue_purchase_app/functions/node_modules/firebase-functions/lib/index.js"}}
[debug] [2021-03-23T08:37:07.331Z] DEBUG: [runtime-status] [31111] Resolved module firebase-functions {"declared":true,"installed":true,"version":"3.13.2","resolution":"/Users/kylevanheerden/Documents/Firebase/Purchase App/vue_purchase_app/functions/node_modules/firebase-functions/lib/index.js"}
[debug] [2021-03-23T08:37:07.331Z] DEBUG: [runtime-status] [31111] Resolved module firebase-admin {"declared":true,"installed":true,"version":"9.5.0","resolution":"/Users/kylevanheerden/Documents/Firebase/Purchase App/vue_purchase_app/functions/node_modules/firebase-admin/lib/index.js"}
[debug] [2021-03-23T08:37:07.331Z] DEBUG: [runtime-status] [31111] Resolved module firebase-functions {"declared":true,"installed":true,"version":"3.13.2","resolution":"/Users/kylevanheerden/Documents/Firebase/Purchase App/vue_purchase_app/functions/node_modules/firebase-functions/lib/index.js"}
[debug] [2021-03-23T08:37:07.331Z] DEBUG: [runtime-status] [31111] firebase-admin has been stubbed. {"adminResolution":{"declared":true,"installed":true,"version":"9.5.0","resolution":"/Users/kylevanheerden/Documents/Firebase/Purchase App/vue_purchase_app/functions/node_modules/firebase-admin/lib/index.js"}}
[debug] [2021-03-23T08:37:07.333Z] DEBUG: [runtime-status] [31111] initializeApp(DEFAULT) {"storageBucket":"purchase-app-staging.appspot.com","projectId":"purchase-app-staging"}
[debug] [2021-03-23T08:37:07.580Z] DEBUG: [worker-~diagnostic~-a7da267a-10dd-40a6-b01b-cb6f6c3bff97]: IDLE
[debug] [2021-03-23T08:39:33.137Z] DEBUG: File /Users/kylevanheerden/Documents/Firebase/Purchase App/vue_purchase_app/functions/index.js changed, reloading triggers
[debug] [2021-03-23T08:39:34.144Z] DEBUG: [worker-pool] Shutting down IDLE worker (~diagnostic~)
[debug] [2021-03-23T08:39:34.145Z] DEBUG: [worker-~diagnostic~-a7da267a-10dd-40a6-b01b-cb6f6c3bff97]: FINISHING
[debug] [2021-03-23T08:39:34.145Z] DEBUG: [worker-pool] Cleaned up workers for ~diagnostic~: 2 --> 1
[debug] [2021-03-23T08:39:34.185Z] DEBUG: [worker-pool] addWorker(~diagnostic~)
[debug] [2021-03-23T08:39:34.186Z] DEBUG: [worker-pool] Adding worker with key ~diagnostic~, total=2
[debug] [2021-03-23T08:39:34.186Z] DEBUG: [worker-pool] submitWork(triggerId=)
[debug] [2021-03-23T08:39:34.186Z] DEBUG: [worker-~diagnostic~-03f62ddf-581b-4034-96c2-c9313c93b621]: Assigning socketPath: /var/folders/nx/m1fn5ntj761bbcfymzz_xgfm0000gn/T/fire_emu_31167.sock
[debug] [2021-03-23T08:39:34.186Z] DEBUG: [worker-~diagnostic~-03f62ddf-581b-4034-96c2-c9313c93b621]: BUSY
[debug] [2021-03-23T08:39:34.187Z] DEBUG: [worker-~diagnostic~-a7da267a-10dd-40a6-b01b-cb6f6c3bff97]: exited
[debug] [2021-03-23T08:39:34.187Z] DEBUG: [worker-~diagnostic~-a7da267a-10dd-40a6-b01b-cb6f6c3bff97]: FINISHED
[debug] [2021-03-23T08:39:34.317Z] DEBUG: [runtime-status] [31167] Functions runtime initialized. {"cwd":"/Users/kylevanheerden/Documents/Firebase/Purchase App/vue_purchase_app/functions","node_version":"14.16.0"}
[debug] [2021-03-23T08:39:34.318Z] DEBUG: [runtime-status] [31167] Disabled runtime features: undefined
[debug] [2021-03-23T08:39:34.319Z] DEBUG: [runtime-status] [31167] Resolved module firebase-admin {"declared":true,"installed":true,"version":"9.5.0","resolution":"/Users/kylevanheerden/Documents/Firebase/Purchase App/vue_purchase_app/functions/node_modules/firebase-admin/lib/index.js"}
[debug] [2021-03-23T08:39:34.320Z] DEBUG: [runtime-status] [31167] Resolved module firebase-functions {"declared":true,"installed":true,"version":"3.13.2","resolution":"/Users/kylevanheerden/Documents/Firebase/Purchase App/vue_purchase_app/functions/node_modules/firebase-functions/lib/index.js"}
[debug] [2021-03-23T08:39:34.322Z] DEBUG: [runtime-status] [31167] Resolved module firebase-functions {"declared":true,"installed":true,"version":"3.13.2","resolution":"/Users/kylevanheerden/Documents/Firebase/Purchase App/vue_purchase_app/functions/node_modules/firebase-functions/lib/index.js"}
[debug] [2021-03-23T08:39:34.328Z] DEBUG: [runtime-status] [31167] Outgoing network have been stubbed. [{"name":"http","status":"mocked"},{"name":"http","status":"mocked"},{"name":"https","status":"mocked"},{"name":"https","status":"mocked"},{"name":"net","status":"mocked"}]
[debug] [2021-03-23T08:39:34.328Z] DEBUG: [runtime-status] [31167] Resolved module firebase-functions {"declared":true,"installed":true,"version":"3.13.2","resolution":"/Users/kylevanheerden/Documents/Firebase/Purchase App/vue_purchase_app/functions/node_modules/firebase-functions/lib/index.js"}
[debug] [2021-03-23T08:39:34.353Z] DEBUG: [runtime-status] [31167] Checked functions.config() {"config":{}}
[debug] [2021-03-23T08:39:34.353Z] DEBUG: [runtime-status] [31167] firebase-functions has been stubbed. {"functionsResolution":{"declared":true,"installed":true,"version":"3.13.2","resolution":"/Users/kylevanheerden/Documents/Firebase/Purchase App/vue_purchase_app/functions/node_modules/firebase-functions/lib/index.js"}}
[debug] [2021-03-23T08:39:34.353Z] DEBUG: [runtime-status] [31167] Resolved module firebase-functions {"declared":true,"installed":true,"version":"3.13.2","resolution":"/Users/kylevanheerden/Documents/Firebase/Purchase App/vue_purchase_app/functions/node_modules/firebase-functions/lib/index.js"}
[debug] [2021-03-23T08:39:34.353Z] DEBUG: [runtime-status] [31167] Resolved module firebase-admin {"declared":true,"installed":true,"version":"9.5.0","resolution":"/Users/kylevanheerden/Documents/Firebase/Purchase App/vue_purchase_app/functions/node_modules/firebase-admin/lib/index.js"}
[debug] [2021-03-23T08:39:34.353Z] DEBUG: [runtime-status] [31167] Resolved module firebase-functions {"declared":true,"installed":true,"version":"3.13.2","resolution":"/Users/kylevanheerden/Documents/Firebase/Purchase App/vue_purchase_app/functions/node_modules/firebase-functions/lib/index.js"}
[debug] [2021-03-23T08:39:34.353Z] DEBUG: [runtime-status] [31167] firebase-admin has been stubbed. {"adminResolution":{"declared":true,"installed":true,"version":"9.5.0","resolution":"/Users/kylevanheerden/Documents/Firebase/Purchase App/vue_purchase_app/functions/node_modules/firebase-admin/lib/index.js"}}
[debug] [2021-03-23T08:39:34.383Z] DEBUG: [runtime-status] [31167] initializeApp(DEFAULT) {"storageBucket":"purchase-app-staging.appspot.com","projectId":"purchase-app-staging"}
[debug] [2021-03-23T08:39:34.687Z] DEBUG: [worker-~diagnostic~-03f62ddf-581b-4034-96c2-c9313c93b621]: IDLE
[debug] [2021-03-23T08:51:49.225Z] DEBUG: File /Users/kylevanheerden/Documents/Firebase/Purchase App/vue_purchase_app/functions/index.js changed, reloading triggers
[debug] [2021-03-23T08:51:50.238Z] DEBUG: [worker-pool] Shutting down IDLE worker (~diagnostic~)
[debug] [2021-03-23T08:51:50.238Z] DEBUG: [worker-~diagnostic~-03f62ddf-581b-4034-96c2-c9313c93b621]: FINISHING
[debug] [2021-03-23T08:51:50.241Z] DEBUG: [worker-pool] Cleaned up workers for ~diagnostic~: 2 --> 1
[debug] [2021-03-23T08:51:50.268Z] DEBUG: [worker-pool] addWorker(~diagnostic~)
[debug] [2021-03-23T08:51:50.268Z] DEBUG: [worker-pool] Adding worker with key ~diagnostic~, total=2
[debug] [2021-03-23T08:51:50.268Z] DEBUG: [worker-pool] submitWork(triggerId=)
[debug] [2021-03-23T08:51:50.269Z] DEBUG: [worker-~diagnostic~-86d87033-c79b-462d-85e6-4942c000fea9]: Assigning socketPath: /var/folders/nx/m1fn5ntj761bbcfymzz_xgfm0000gn/T/fire_emu_31363.sock
[debug] [2021-03-23T08:51:50.269Z] DEBUG: [worker-~diagnostic~-86d87033-c79b-462d-85e6-4942c000fea9]: BUSY
[debug] [2021-03-23T08:51:50.272Z] DEBUG: [worker-~diagnostic~-03f62ddf-581b-4034-96c2-c9313c93b621]: exited
[debug] [2021-03-23T08:51:50.272Z] DEBUG: [worker-~diagnostic~-03f62ddf-581b-4034-96c2-c9313c93b621]: FINISHED
[debug] [2021-03-23T08:51:50.439Z] DEBUG: [runtime-status] [31363] Functions runtime initialized. {"cwd":"/Users/kylevanheerden/Documents/Firebase/Purchase App/vue_purchase_app/functions","node_version":"14.16.0"}
[debug] [2021-03-23T08:51:50.440Z] DEBUG: [runtime-status] [31363] Disabled runtime features: undefined
[debug] [2021-03-23T08:51:50.442Z] DEBUG: [runtime-status] [31363] Resolved module firebase-admin {"declared":true,"installed":true,"version":"9.5.0","resolution":"/Users/kylevanheerden/Documents/Firebase/Purchase App/vue_purchase_app/functions/node_modules/firebase-admin/lib/index.js"}
[debug] [2021-03-23T08:51:50.442Z] DEBUG: [runtime-status] [31363] Resolved module firebase-functions {"declared":true,"installed":true,"version":"3.13.2","resolution":"/Users/kylevanheerden/Documents/Firebase/Purchase App/vue_purchase_app/functions/node_modules/firebase-functions/lib/index.js"}
[debug] [2021-03-23T08:51:50.443Z] DEBUG: [runtime-status] [31363] Resolved module firebase-functions {"declared":true,"installed":true,"version":"3.13.2","resolution":"/Users/kylevanheerden/Documents/Firebase/Purchase App/vue_purchase_app/functions/node_modules/firebase-functions/lib/index.js"}
[debug] [2021-03-23T08:51:50.445Z] DEBUG: [runtime-status] [31363] Outgoing network have been stubbed. [{"name":"http","status":"mocked"},{"name":"http","status":"mocked"},{"name":"https","status":"mocked"},{"name":"https","status":"mocked"},{"name":"net","status":"mocked"}]
[debug] [2021-03-23T08:51:50.446Z] DEBUG: [runtime-status] [31363] Resolved module firebase-functions {"declared":true,"installed":true,"version":"3.13.2","resolution":"/Users/kylevanheerden/Documents/Firebase/Purchase App/vue_purchase_app/functions/node_modules/firebase-functions/lib/index.js"}
[debug] [2021-03-23T08:51:50.478Z] DEBUG: [runtime-status] [31363] Checked functions.config() {"config":{}}
[debug] [2021-03-23T08:51:50.479Z] DEBUG: [runtime-status] [31363] firebase-functions has been stubbed. {"functionsResolution":{"declared":true,"installed":true,"version":"3.13.2","resolution":"/Users/kylevanheerden/Documents/Firebase/Purchase App/vue_purchase_app/functions/node_modules/firebase-functions/lib/index.js"}}
[debug] [2021-03-23T08:51:50.479Z] DEBUG: [runtime-status] [31363] Resolved module firebase-functions {"declared":true,"installed":true,"version":"3.13.2","resolution":"/Users/kylevanheerden/Documents/Firebase/Purchase App/vue_purchase_app/functions/node_modules/firebase-functions/lib/index.js"}
[debug] [2021-03-23T08:51:50.479Z] DEBUG: [runtime-status] [31363] Resolved module firebase-admin {"declared":true,"installed":true,"version":"9.5.0","resolution":"/Users/kylevanheerden/Documents/Firebase/Purchase App/vue_purchase_app/functions/node_modules/firebase-admin/lib/index.js"}
[debug] [2021-03-23T08:51:50.480Z] DEBUG: [runtime-status] [31363] Resolved module firebase-functions {"declared":true,"installed":true,"version":"3.13.2","resolution":"/Users/kylevanheerden/Documents/Firebase/Purchase App/vue_purchase_app/functions/node_modules/firebase-functions/lib/index.js"}
[debug] [2021-03-23T08:51:50.480Z] DEBUG: [runtime-status] [31363] firebase-admin has been stubbed. {"adminResolution":{"declared":true,"installed":true,"version":"9.5.0","resolution":"/Users/kylevanheerden/Documents/Firebase/Purchase App/vue_purchase_app/functions/node_modules/firebase-admin/lib/index.js"}}
[debug] [2021-03-23T08:51:50.490Z] DEBUG: [runtime-status] [31363] initializeApp(DEFAULT) {"storageBucket":"purchase-app-staging.appspot.com","projectId":"purchase-app-staging"}
[debug] [2021-03-23T08:51:50.827Z] DEBUG: [worker-~diagnostic~-86d87033-c79b-462d-85e6-4942c000fea9]: IDLE
